Using pre-set license
Built from '2020.3/release' branch; Version is '2020.3.7f1 (dd97f2c94397) revision 14522354'; Using compiler version '192528614'; Build Type 'Release'
OS: 'Windows 10 Pro; OS build 19042.1052; Version 2009; 64bit' Language: 'ru' Physical Memory: 16187 MB
BatchMode: 1, IsHumanControllingUs: 0, StartBugReporterOnCrash: 0, Is64bit: 1, IsPro: 0

 COMMAND LINE ARGUMENTS:
C:\Program Files\Unity\Hub\Editor\2020.3.7f1\Editor\Unity.exe
-adb2
-batchMode
-noUpm
-name
AssetImportWorker0
-projectPath
C:/Code/CodeUnyti/Ruby1
-logFile
Logs/AssetImportWorker0.log
-srvPort
54655
Successfully changed project path to: C:/Code/CodeUnyti/Ruby1
C:/Code/CodeUnyti/Ruby1
Using Asset Import Pipeline V2.
Refreshing native plugins compatible for Editor in 38.67 ms, found 1 plugins.
Preloading 0 native plugins for Editor in 0.00 ms.
Initialize engine version: 2020.3.7f1 (dd97f2c94397)
[Subsystems] Discovering subsystems at path C:/Program Files/Unity/Hub/Editor/2020.3.7f1/Editor/Data/Resources/UnitySubsystems
[Subsystems] Discovering subsystems at path C:/Code/CodeUnyti/Ruby1/Assets
GfxDevice: creating device client; threaded=0
Direct3D:
    Version:  Direct3D 11.0 [level 11.1]
    Renderer: Intel(R) UHD Graphics (ID=0x9b41)
    Vendor:   
    VRAM:     8093 MB
    Driver:   27.20.100.8935
Initialize mono
Mono path[0] = 'C:/Program Files/Unity/Hub/Editor/2020.3.7f1/Editor/Data/Managed'
Mono path[1] = 'C:/Program Files/Unity/Hub/Editor/2020.3.7f1/Editor/Data/MonoBleedingEdge/lib/mono/unityjit'
Mono config path = 'C:/Program Files/Unity/Hub/Editor/2020.3.7f1/Editor/Data/MonoBleedingEdge/etc'
Using monoOptions --debugger-agent=transport=dt_socket,embedding=1,server=y,suspend=n,address=127.0.0.1:56536
Begin MonoManager ReloadAssembly
Registering precompiled unity dll's ...
Register platform support module: C:/Program Files/Unity/Hub/Editor/2020.3.7f1/Editor/Data/PlaybackEngines/WindowsStandaloneSupport/UnityEditor.WindowsStandalone.Extensions.dll
Registered in 0.001429 seconds.
Native extension for WindowsStandalone target not found
Refreshing native plugins compatible for Editor in 42.74 ms, found 1 plugins.
Preloading 0 native plugins for Editor in 0.00 ms.
Mono: successfully reloaded assembly
- Completed reload, in  2.091 seconds
Platform modules already initialized, skipping
Registering precompiled user dll's ...
Registered in 0.001070 seconds.
Begin MonoManager ReloadAssembly
Native extension for WindowsStandalone target not found
Refreshing native plugins compatible for Editor in 39.71 ms, found 1 plugins.
Preloading 0 native plugins for Editor in 0.00 ms.
Mono: successfully reloaded assembly
- Completed reload, in  1.075 seconds
Platform modules already initialized, skipping
========================================================================
Worker process is ready to serve import requests
Launched and connected shader compiler UnityShaderCompiler.exe after 0.04 seconds
Refreshing native plugins compatible for Editor in 0.38 ms, found 1 plugins.
Preloading 0 native plugins for Editor in 0.00 ms.
Unloading 2009 Unused Serialized files (Serialized files now loaded: 0)
System memory in use before: 93.8 MB.
System memory in use after: 93.7 MB.

Unloading 25 unused Assets to reduce memory usage. Loaded Objects now: 2454.
Total: 3.466700 ms (FindLiveObjects: 0.625800 ms CreateObjectMapping: 0.144000 ms MarkObjects: 2.495300 ms  DeleteObjects: 0.197900 ms)

========================================================================
Received Import Request.
  path: Assets/Art/Animations/AnimationClips/Robot2
  artifactKey: Guid(3d2d435a77c52604d95ce90962dbfa2e) Importer(815301076,1909f56bfc062723c751e8b465ee728b)
Start importing Assets/Art/Animations/AnimationClips/Robot2 using Guid(3d2d435a77c52604d95ce90962dbfa2e) Importer(815301076,1909f56bfc062723c751e8b465ee728b)  -> (artifact id: '5bd940da44f39f9e2649405873dae077') in 0.005574 seconds
  Import took 0.008761 seconds .

========================================================================
Received Prepare
Refreshing native plugins compatible for Editor in 1.90 ms, found 1 plugins.
Preloading 0 native plugins for Editor in 0.00 ms.
Unloading 10 Unused Serialized files (Serialized files now loaded: 0)
System memory in use before: 52.9 MB.
System memory in use after: 52.9 MB.

Unloading 10 unused Assets to reduce memory usage. Loaded Objects now: 2454.
Total: 2.596700 ms (FindLiveObjects: 0.351400 ms CreateObjectMapping: 0.210200 ms MarkObjects: 1.932100 ms  DeleteObjects: 0.101700 ms)

========================================================================
Received Import Request.
  Time since last request: 148.902839 seconds.
  path: Assets/Art/Enemy.png
  artifactKey: Guid(e0860fb460d0a334b8fe1dca86f214f1) Importer(815301076,1909f56bfc062723c751e8b465ee728b)
Start importing Assets/Art/Enemy.png using Guid(e0860fb460d0a334b8fe1dca86f214f1) Importer(815301076,1909f56bfc062723c751e8b465ee728b)  -> (artifact id: '36a085cad481a684c78d4e4400d9e14b') in 0.126588 seconds
  Import took 0.131193 seconds .

========================================================================
Received Prepare
Registering precompiled user dll's ...
Registered in 0.000985 seconds.
Begin MonoManager ReloadAssembly
Native extension for WindowsStandalone target not found
Refreshing native plugins compatible for Editor in 0.63 ms, found 1 plugins.
Preloading 0 native plugins for Editor in 0.00 ms.
Mono: successfully reloaded assembly
- Completed reload, in  0.937 seconds
Platform modules already initialized, skipping
Refreshing native plugins compatible for Editor in 0.36 ms, found 1 plugins.
Preloading 0 native plugins for Editor in 0.00 ms.
Unloading 1989 Unused Serialized files (Serialized files now loaded: 0)
System memory in use before: 95.3 MB.
System memory in use after: 95.3 MB.

Unloading 13 unused Assets to reduce memory usage. Loaded Objects now: 2464.
Total: 2.836900 ms (FindLiveObjects: 0.332700 ms CreateObjectMapping: 0.200300 ms MarkObjects: 2.174300 ms  DeleteObjects: 0.128800 ms)

========================================================================
Received Import Request.
  Time since last request: 126.215603 seconds.
  path: Assets/Art/Enemy.png
  artifactKey: Guid(e0860fb460d0a334b8fe1dca86f214f1) Importer(815301076,1909f56bfc062723c751e8b465ee728b)
Start importing Assets/Art/Enemy.png using Guid(e0860fb460d0a334b8fe1dca86f214f1) Importer(815301076,1909f56bfc062723c751e8b465ee728b)  -> (artifact id: '122b8a87f92964a84523043cf6055ca8') in 0.051627 seconds
  Import took 0.055517 seconds .

========================================================================
Received Prepare
Registering precompiled user dll's ...
Registered in 0.000895 seconds.
Begin MonoManager ReloadAssembly
Native extension for WindowsStandalone target not found
Refreshing native plugins compatible for Editor in 0.52 ms, found 1 plugins.
Preloading 0 native plugins for Editor in 0.00 ms.
Mono: successfully reloaded assembly
- Completed reload, in  0.960 seconds
Platform modules already initialized, skipping
Refreshing native plugins compatible for Editor in 0.44 ms, found 1 plugins.
Preloading 0 native plugins for Editor in 0.00 ms.
Unloading 1989 Unused Serialized files (Serialized files now loaded: 0)
System memory in use before: 95.3 MB.
System memory in use after: 95.3 MB.

Unloading 13 unused Assets to reduce memory usage. Loaded Objects now: 2469.
Total: 2.937300 ms (FindLiveObjects: 0.464600 ms CreateObjectMapping: 0.127700 ms MarkObjects: 2.231800 ms  DeleteObjects: 0.111600 ms)

========================================================================
Received Prepare
Registering precompiled user dll's ...
Registered in 0.001049 seconds.
Begin MonoManager ReloadAssembly
Native extension for WindowsStandalone target not found
Refreshing native plugins compatible for Editor in 0.59 ms, found 1 plugins.
Preloading 0 native plugins for Editor in 0.00 ms.
Mono: successfully reloaded assembly
- Completed reload, in  0.992 seconds
Platform modules already initialized, skipping
Refreshing native plugins compatible for Editor in 0.37 ms, found 1 plugins.
Preloading 0 native plugins for Editor in 0.00 ms.
Unloading 1989 Unused Serialized files (Serialized files now loaded: 0)
System memory in use before: 95.4 MB.
System memory in use after: 95.3 MB.

Unloading 13 unused Assets to reduce memory usage. Loaded Objects now: 2473.
Total: 2.891500 ms (FindLiveObjects: 0.419500 ms CreateObjectMapping: 0.114000 ms MarkObjects: 2.238200 ms  DeleteObjects: 0.118700 ms)

========================================================================
Received Prepare
Registering precompiled user dll's ...
Registered in 0.000819 seconds.
Begin MonoManager ReloadAssembly
Native extension for WindowsStandalone target not found
Refreshing native plugins compatible for Editor in 0.53 ms, found 1 plugins.
Preloading 0 native plugins for Editor in 0.00 ms.
Mono: successfully reloaded assembly
- Completed reload, in  0.967 seconds
Platform modules already initialized, skipping
Refreshing native plugins compatible for Editor in 0.37 ms, found 1 plugins.
Preloading 0 native plugins for Editor in 0.00 ms.
Unloading 1989 Unused Serialized files (Serialized files now loaded: 0)
System memory in use before: 95.4 MB.
System memory in use after: 95.3 MB.

Unloading 13 unused Assets to reduce memory usage. Loaded Objects now: 2477.
Total: 2.481500 ms (FindLiveObjects: 0.229700 ms CreateObjectMapping: 0.166400 ms MarkObjects: 1.913100 ms  DeleteObjects: 0.170700 ms)

========================================================================
Received Import Request.
  Time since last request: 2620.690092 seconds.
  path: Assets/Prefab/Enemy.prefab
  artifactKey: Guid(48040f160c24c804dad9fec9e20e02f1) Importer(815301076,1909f56bfc062723c751e8b465ee728b)
Start importing Assets/Prefab/Enemy.prefab using Guid(48040f160c24c804dad9fec9e20e02f1) Importer(815301076,1909f56bfc062723c751e8b465ee728b)  -> (artifact id: 'ac627c99357607346a73f41540ee20c4') in 0.085012 seconds
  Import took 0.090341 seconds .

========================================================================
Received Import Request.
  Time since last request: 0.001624 seconds.
  path: Assets/Prefab/Enemy.prefab
  artifactKey: Guid(48040f160c24c804dad9fec9e20e02f1) Importer(815301076,1909f56bfc062723c751e8b465ee728b)
Start importing Assets/Prefab/Enemy.prefab using Guid(48040f160c24c804dad9fec9e20e02f1) Importer(815301076,1909f56bfc062723c751e8b465ee728b)  -> (artifact id: 'ac627c99357607346a73f41540ee20c4') in 0.014644 seconds
  Import took 0.018662 seconds .

========================================================================
Received Prepare
Registering precompiled user dll's ...
Registered in 0.000910 seconds.
Begin MonoManager ReloadAssembly
Native extension for WindowsStandalone target not found
Refreshing native plugins compatible for Editor in 0.38 ms, found 1 plugins.
Preloading 0 native plugins for Editor in 0.00 ms.
Mono: successfully reloaded assembly
- Completed reload, in  0.911 seconds
Platform modules already initialized, skipping
Refreshing native plugins compatible for Editor in 0.36 ms, found 1 plugins.
Preloading 0 native plugins for Editor in 0.00 ms.
Unloading 1989 Unused Serialized files (Serialized files now loaded: 0)
System memory in use before: 95.5 MB.
System memory in use after: 95.5 MB.

Unloading 15 unused Assets to reduce memory usage. Loaded Objects now: 2485.
Total: 2.546600 ms (FindLiveObjects: 0.379900 ms CreateObjectMapping: 0.082100 ms MarkObjects: 1.932600 ms  DeleteObjects: 0.150800 ms)

AssetImportWorkerClient::OnTransportError - code=2 error=End of file
